<?xml version="1.0" encoding="UTF-8"?>
<testng-results ignored="0" total="1" passed="1" failed="0" skipped="0">
  <reporter-output>
  </reporter-output>
  <suite started-at="2023-06-28T14:11:19 IST" name="Default suite" finished-at="2023-06-28T14:12:11 IST" duration-ms="52363">
    <groups>
    </groups>
    <test started-at="2023-06-28T14:11:19 IST" name="Default test" finished-at="2023-06-28T14:12:11 IST" duration-ms="52363">
      <class name="restAssuredPractice.OAuthTest">
        <test-method signature="authTest()[pri:0, instance:restAssuredPractice.OAuthTest@7205765b]" started-at="2023-06-28T14:11:19 IST" name="authTest" finished-at="2023-06-28T14:12:11 IST" duration-ms="52328" status="PASS">
          <reporter-output>
          </reporter-output>
        </test-method> <!-- authTest -->
      </class> <!-- restAssuredPractice.OAuthTest -->
    </test> <!-- Default test -->
  </suite> <!-- Default suite -->
</testng-results>
