<?xml version="1.0" encoding="UTF-8"?>
<testng-results ignored="0" total="1" passed="1" failed="0" skipped="0">
  <reporter-output>
  </reporter-output>
  <suite started-at="2023-07-05T15:38:42 IST" name="Default suite" finished-at="2023-07-05T15:38:47 IST" duration-ms="5231">
    <groups>
    </groups>
    <test started-at="2023-07-05T15:38:42 IST" name="Default test" finished-at="2023-07-05T15:38:47 IST" duration-ms="5231">
      <class name="restAssuredPractice.EcommerceWebTest">
        <test-method signature="E2ETest()[pri:0, instance:restAssuredPractice.EcommerceWebTest@4229bb3f]" started-at="2023-07-05T15:38:42 IST" name="E2ETest" finished-at="2023-07-05T15:38:47 IST" duration-ms="5194" status="PASS">
          <reporter-output>
          </reporter-output>
        </test-method> <!-- E2ETest -->
      </class> <!-- restAssuredPractice.EcommerceWebTest -->
    </test> <!-- Default test -->
  </suite> <!-- Default suite -->
</testng-results>
